<?xml version="1.0" encoding="UTF-8"?>
<testng-results skipped="0" failed="0" ignored="0" total="1" passed="1">
  <reporter-output>
  </reporter-output>
  <suite name="Suite" duration-ms="12893" started-at="2023-03-26T05:11:56 IST" finished-at="2023-03-26T05:12:09 IST">
    <groups>
    </groups>
    <test name="Test" duration-ms="12893" started-at="2023-03-26T05:11:56 IST" finished-at="2023-03-26T05:12:09 IST">
      <class name="tests.Test1">
        <test-method status="PASS" signature="method1()[pri:0, instance:tests.Test1@3891771e]" name="method1" duration-ms="12764" started-at="2023-03-26T05:11:56 IST" finished-at="2023-03-26T05:12:09 IST">
          <reporter-output>
          </reporter-output>
        </test-method> <!-- method1 -->
      </class> <!-- tests.Test1 -->
    </test> <!-- Test -->
  </suite> <!-- Suite -->
</testng-results>
