<?xml version="1.0" encoding="UTF-8"?>
<testng-results skipped="0" failed="0" ignored="0" total="1" passed="1">
  <reporter-output>
  </reporter-output>
  <suite name="Default suite" duration-ms="21506" started-at="2023-03-26T06:07:42 IST" finished-at="2023-03-26T06:08:03 IST">
    <groups>
    </groups>
    <test name="Default test" duration-ms="21506" started-at="2023-03-26T06:07:42 IST" finished-at="2023-03-26T06:08:03 IST">
      <class name="tests.Test1">
        <test-method status="PASS" signature="method1()[pri:0, instance:tests.Test1@22eeefeb]" name="method1" duration-ms="21444" started-at="2023-03-26T06:07:42 IST" finished-at="2023-03-26T06:08:03 IST">
          <reporter-output>
          </reporter-output>
        </test-method> <!-- method1 -->
      </class> <!-- tests.Test1 -->
    </test> <!-- Default test -->
  </suite> <!-- Default suite -->
</testng-results>
